
> haidafu@0.0.0 start /var/www/haidafu
> node ./bin/www

/var/www/haidafu/models/pkuser/pkuser.js
--- enter check_table_cross ---
/var/www/haidafu/models/util/util.js
check_table_cross:  this.table_cross_name arrays checked !!! 
[]
/var/www/haidafu/models/pkactivity/pkactivity.js
--- enter check_table_cross ---
/var/www/haidafu/models/util/util.js
check_table_cross:  this.table_cross_name arrays checked !!! 
[]
/var/www/haidafu/models/myactivity/myactivity.js
--- enter check_table_cross ---
/var/www/haidafu/models/util/util.js
check_table_cross:  this.table_cross_name arrays checked !!! 
[ [ 'pkactivity__actId',
    'pkactivity__subject',
    'pkactivity__address',
    'pkactivity__startTime',
    'pkactivity__endTime',
    'pkactivity__imgurl' ] ]
/var/www/haidafu/models/favorite/favorite.js
--- enter check_table_cross ---
/var/www/haidafu/models/util/util.js
check_table_cross:  this.table_cross_name arrays checked !!! 
[]
/var/www/haidafu/models/reservation/reservation.js
--- enter check_table_cross ---
/var/www/haidafu/models/util/util.js
check_table_cross:  this.table_cross_name arrays checked !!! 
[ [ 'pkproject__pId', 'pkproject__pName' ] ]
/var/www/haidafu/models/hongbao/hongbao.js
--- enter check_table_cross ---
/var/www/haidafu/models/util/util.js
check_table_cross:  this.table_cross_name arrays checked !!! 
[]
/var/www/haidafu/models/housetype/housetype.js
--- enter check_table_cross ---
/var/www/haidafu/models/util/util.js
check_table_cross:  this.table_cross_name arrays checked !!! 
[]
/var/www/haidafu/models/fitmenttype/fitmenttype.js
--- enter check_table_cross ---
/var/www/haidafu/models/util/util.js
check_table_cross:  this.table_cross_name arrays checked !!! 
[]
/var/www/haidafu/models/prighttype/prighttype.js
--- enter check_table_cross ---
/var/www/haidafu/models/util/util.js
check_table_cross:  this.table_cross_name arrays checked !!! 
[]
/var/www/haidafu/models/area/area.js
--- enter check_table_cross ---
/var/www/haidafu/models/util/util.js
check_table_cross:  this.table_cross_name arrays checked !!! 
[]
--- enter pool.addOne ---
/var/www/haidafu/models/myactivity/myactivity.js
--- enter check_table_cross ---
/var/www/haidafu/models/util/util.js
check_table_cross:  this.table_cross_name arrays checked !!! 
[ [ 'pkactivity__actId',
    'pkactivity__subject',
    'pkactivity__address',
    'pkactivity__startTime',
    'pkactivity__endTime',
    'pkactivity__imgurl' ] ]
{ userId: '4', actId: '4' }
sql add first here
sql add first here
sql add over 
--- enter pool.addOne ---
/var/www/haidafu/models/myactivity/myactivity.js
--- enter check_table_cross ---
/var/www/haidafu/models/util/util.js
check_table_cross:  this.table_cross_name arrays checked !!! 
[ [ 'pkactivity__actId',
    'pkactivity__subject',
    'pkactivity__address',
    'pkactivity__startTime',
    'pkactivity__endTime',
    'pkactivity__imgurl' ] ]
{ userId: '4', actId: '4' }
sql add first here
sql add first here
sql add over 
--- enter pool.addOne ---
/var/www/haidafu/models/myactivity/myactivity.js
--- enter check_table_cross ---
/var/www/haidafu/models/util/util.js
check_table_cross:  this.table_cross_name arrays checked !!! 
[ [ 'pkactivity__actId',
    'pkactivity__subject',
    'pkactivity__address',
    'pkactivity__startTime',
    'pkactivity__endTime',
    'pkactivity__imgurl' ] ]
{ userId: '4', actId: '4' }
sql add first here
sql add first here
sql add over 
--- enter pool.updateOne ---
/var/www/haidafu/models/myactivity/myactivity.js
--- enter check_table_cross ---
/var/www/haidafu/models/util/util.js
check_table_cross:  this.table_cross_name arrays checked !!! 
[ [ 'pkactivity__actId',
    'pkactivity__subject',
    'pkactivity__address',
    'pkactivity__startTime',
    'pkactivity__endTime',
    'pkactivity__imgurl' ] ]
{ maId: '2', actId: '2', userId: '2' }
UPDATE myactivity SET userId = ? , actId = ?  WHERE maId = ?
[ '2', '2', '2' ]
sql update first here
sql update first here
sql update over: 
--- enter pool.updateOne ---
/var/www/haidafu/models/myactivity/myactivity.js
--- enter check_table_cross ---
/var/www/haidafu/models/util/util.js
check_table_cross:  this.table_cross_name arrays checked !!! 
[ [ 'pkactivity__actId',
    'pkactivity__subject',
    'pkactivity__address',
    'pkactivity__startTime',
    'pkactivity__endTime',
    'pkactivity__imgurl' ] ]
{ maId: '2', status: '1' }
UPDATE myactivity SET status = ?  WHERE maId = ?
[ '1', '2' ]
sql update first here
sql update first here
sql update over: 
--- enter pool.deleteOne ---
/var/www/haidafu/models/myactivity/myactivity.js
--- enter check_table_cross ---
/var/www/haidafu/models/util/util.js
check_table_cross:  this.table_cross_name arrays checked !!! 
[ [ 'pkactivity__actId',
    'pkactivity__subject',
    'pkactivity__address',
    'pkactivity__startTime',
    'pkactivity__endTime',
    'pkactivity__imgurl' ] ]
sql delete first here
sql delete first here
sql delete over 
--- enter pool.updateOne ---
/var/www/haidafu/models/myactivity/myactivity.js
--- enter check_table_cross ---
/var/www/haidafu/models/util/util.js
check_table_cross:  this.table_cross_name arrays checked !!! 
[ [ 'pkactivity__actId',
    'pkactivity__subject',
    'pkactivity__address',
    'pkactivity__startTime',
    'pkactivity__endTime',
    'pkactivity__imgurl' ] ]
{ maId: '2', actId: '2', userId: '2' }
UPDATE myactivity SET userId = ? , actId = ?  WHERE maId = ?
[ '2', '2', '2' ]
sql update first here
sql update first here
sql update over: 
--- enter pool.updateOne ---
/var/www/haidafu/models/myactivity/myactivity.js
--- enter check_table_cross ---
/var/www/haidafu/models/util/util.js
check_table_cross:  this.table_cross_name arrays checked !!! 
[ [ 'pkactivity__actId',
    'pkactivity__subject',
    'pkactivity__address',
    'pkactivity__startTime',
    'pkactivity__endTime',
    'pkactivity__imgurl' ] ]
{ maId: '2', status: '1' }
UPDATE myactivity SET status = ?  WHERE maId = ?
[ '1', '2' ]
sql update first here
sql update first here
sql update over: 
--- enter pool.deleteOne ---
/var/www/haidafu/models/myactivity/myactivity.js
--- enter check_table_cross ---
/var/www/haidafu/models/util/util.js
check_table_cross:  this.table_cross_name arrays checked !!! 
[ [ 'pkactivity__actId',
    'pkactivity__subject',
    'pkactivity__address',
    'pkactivity__startTime',
    'pkactivity__endTime',
    'pkactivity__imgurl' ] ]
sql delete first here
sql delete first here
sql delete over 
--- enter pool.deleteOne ---
/var/www/haidafu/models/myactivity/myactivity.js
--- enter check_table_cross ---
/var/www/haidafu/models/util/util.js
check_table_cross:  this.table_cross_name arrays checked !!! 
[ [ 'pkactivity__actId',
    'pkactivity__subject',
    'pkactivity__address',
    'pkactivity__startTime',
    'pkactivity__endTime',
    'pkactivity__imgurl' ] ]
sql delete first here
sql delete first here
sql delete over 
--- enter pool.updateOne ---
/var/www/haidafu/models/myactivity/myactivity.js
--- enter check_table_cross ---
/var/www/haidafu/models/util/util.js
check_table_cross:  this.table_cross_name arrays checked !!! 
[ [ 'pkactivity__actId',
    'pkactivity__subject',
    'pkactivity__address',
    'pkactivity__startTime',
    'pkactivity__endTime',
    'pkactivity__imgurl' ] ]
{ maId: '2', actId: '2', userId: '2' }
UPDATE myactivity SET userId = ? , actId = ?  WHERE maId = ?
[ '2', '2', '2' ]
sql update first here
sql update first here
sql update over: 
--- enter pool.updateOne ---
/var/www/haidafu/models/myactivity/myactivity.js
--- enter check_table_cross ---
/var/www/haidafu/models/util/util.js
check_table_cross:  this.table_cross_name arrays checked !!! 
[ [ 'pkactivity__actId',
    'pkactivity__subject',
    'pkactivity__address',
    'pkactivity__startTime',
    'pkactivity__endTime',
    'pkactivity__imgurl' ] ]
{ maId: '2', status: '1' }
UPDATE myactivity SET status = ?  WHERE maId = ?
[ '1', '2' ]
sql update first here
sql update first here
sql update over: 
--- enter pool.deleteOne ---
/var/www/haidafu/models/myactivity/myactivity.js
--- enter check_table_cross ---
/var/www/haidafu/models/util/util.js
check_table_cross:  this.table_cross_name arrays checked !!! 
[ [ 'pkactivity__actId',
    'pkactivity__subject',
    'pkactivity__address',
    'pkactivity__startTime',
    'pkactivity__endTime',
    'pkactivity__imgurl' ] ]
sql delete first here
sql delete first here
sql delete over 
